#
# There is insufficient memory for the Java Runtime Environment to continue.
# Native memory allocation (malloc) failed to allocate 32744 bytes for Chunk::new
# Possible reasons:
#   The system is out of physical RAM or swap space
#   The process is running with CompressedOops enabled, and the Java Heap may be blocking the growth of the native heap
# Possible solutions:
#   Reduce memory load on the system
#   Increase physical memory or swap space
#   Check if swap backing store is full
#   Decrease Java heap size (-Xmx/-Xms)
#   Decrease number of Java threads
#   Decrease Java thread stack sizes (-Xss)
#   Set larger code cache with -XX:ReservedCodeCacheSize=
#   JVM is running with Unscaled Compressed Oops mode in which the Java heap is
#     placed in the first 4GB address space. The Java Heap base address is the
#     maximum limit for the native heap growth. Please use -XX:HeapBaseMinAddress
#     to set the Java Heap base and to place the Java Heap above 4GB virtual address.
# This output file may be truncated or incomplete.
#
#  Out of Memory Error (arena.cpp:184), pid=16332, tid=21836
#
# JRE version: Java(TM) SE Runtime Environment (18.0.2.1+1) (build 18.0.2.1+1-1)
# Java VM: Java HotSpot(TM) 64-Bit Server VM (18.0.2.1+1-1, mixed mode, tiered, compressed oops, compressed class ptrs, g1 gc, windows-amd64)
# No core dump will be written. Minidumps are not enabled by default on client versions of Windows
#

---------------  S U M M A R Y ------------

Command Line: -Dfile.encoding=UTF-8 -XX:+ShowCodeDetailsInExceptionMessages view.TelaPrincipal

Host: Intel(R) Pentium(R) CPU G630 @ 2.70GHz, 2 cores, 5G,  Windows 10 , 64 bit Build 19041 (10.0.19041.2364)
Time: Sun Jan 15 14:37:31 2023 E. South America Standard Time elapsed time: 0.668137 seconds (0d 0h 0m 0s)

---------------  T H R E A D  ---------------

Current thread (0x0000024d1ba0aeb0):  JavaThread "C1 CompilerThread0" daemon [_thread_in_native, id=21836, stack(0x0000004db6a00000,0x0000004db6b00000)]


Current CompileTask:
C1:    668  179       3       sun.util.locale.BaseLocale$Key::hashCode (178 bytes)

Stack: [0x0000004db6a00000,0x0000004db6b00000]
Native frames: (J=compiled Java code, j=interpreted, Vv=VM code, C=native code)
V  [jvm.dll+0x6993aa]
V  [jvm.dll+0x7f46dd]
V  [jvm.dll+0x7f5fee]
V  [jvm.dll+0x7f66a3]
V  [jvm.dll+0x25cf1f]
V  [jvm.dll+0xb8c2f]
V  [jvm.dll+0xb8fa5]
V  [jvm.dll+0x125faf]
V  [jvm.dll+0x17250a]
V  [jvm.dll+0x160490]
V  [jvm.dll+0x148f67]
V  [jvm.dll+0x1488cf]
V  [jvm.dll+0x148b26]
V  [jvm.dll+0x147f9a]
V  [jvm.dll+0x149c81]
V  [jvm.dll+0x23ee0a]
V  [jvm.dll+0x23d0f5]
V  [jvm.dll+0x7a6dd1]
V  [jvm.dll+0x7a120a]
V  [jvm.dll+0x698255]
C  [ucrtbase.dll+0x21bb2]
C  [KERNEL32.DLL+0x17614]
C  [ntdll.dll+0x526a1]


---------------  P R O C E S S  ---------------

Threads class SMR info:
_java_thread_list=0x0000024d1fd23b80, length=12, elements={
0x0000024d7ef717f0, 0x0000024d1b9c52a0, 0x0000024d1b9c6830, 0x0000024d1b9ff690,
0x0000024d1ba00030, 0x0000024d1ba01170, 0x0000024d1ba023f0, 0x0000024d1ba097b0,
0x0000024d1ba0aeb0, 0x0000024d1ba2a8c0, 0x0000024d1fd51010, 0x0000024d1fd51cf0
}

Java Threads: ( => current thread )
  0x0000024d7ef717f0 JavaThread "main" [_thread_in_vm, id=21832, stack(0x0000004db5c00000,0x0000004db5d00000)]
  0x0000024d1b9c52a0 JavaThread "Reference Handler" daemon [_thread_blocked, id=18572, stack(0x0000004db6300000,0x0000004db6400000)]
  0x0000024d1b9c6830 JavaThread "Finalizer" daemon [_thread_blocked, id=22168, stack(0x0000004db6400000,0x0000004db6500000)]
  0x0000024d1b9ff690 JavaThread "Signal Dispatcher" daemon [_thread_blocked, id=20140, stack(0x0000004db6500000,0x0000004db6600000)]
  0x0000024d1ba00030 JavaThread "Attach Listener" daemon [_thread_blocked, id=16860, stack(0x0000004db6600000,0x0000004db6700000)]
  0x0000024d1ba01170 JavaThread "Service Thread" daemon [_thread_blocked, id=22452, stack(0x0000004db6700000,0x0000004db6800000)]
  0x0000024d1ba023f0 JavaThread "Monitor Deflation Thread" daemon [_thread_blocked, id=20168, stack(0x0000004db6800000,0x0000004db6900000)]
  0x0000024d1ba097b0 JavaThread "C2 CompilerThread0" daemon [_thread_blocked, id=16508, stack(0x0000004db6900000,0x0000004db6a00000)]
=>0x0000024d1ba0aeb0 JavaThread "C1 CompilerThread0" daemon [_thread_in_native, id=21836, stack(0x0000004db6a00000,0x0000004db6b00000)]
  0x0000024d1ba2a8c0 JavaThread "Sweeper thread" daemon [_thread_blocked, id=20540, stack(0x0000004db6b00000,0x0000004db6c00000)]
  0x0000024d1fd51010 JavaThread "Notification Thread" daemon [_thread_blocked, id=22524, stack(0x0000004db6c00000,0x0000004db6d00000)]
  0x0000024d1fd51cf0 JavaThread "Common-Cleaner" daemon [_thread_blocked, id=21820, stack(0x0000004db6e00000,0x0000004db6f00000)]

Other Threads:
  0x0000024d7f03e9b0 VMThread "VM Thread" [stack: 0x0000004db6200000,0x0000004db6300000] [id=20412]
  0x0000024d1fd518d0 WatcherThread "VM Periodic Task Thread" [stack: 0x0000004db6d00000,0x0000004db6e00000] [id=12956]
  0x0000024d7efc2ed0 WorkerThread "GC Thread#0" [stack: 0x0000004db5d00000,0x0000004db5e00000] [id=19740]
  0x0000024d7efcfd80 ConcurrentGCThread "G1 Main Marker" [stack: 0x0000004db5e00000,0x0000004db5f00000] [id=5228]
  0x0000024d7efd1f20 WorkerThread "G1 Conc#0" [stack: 0x0000004db5f00000,0x0000004db6000000] [id=18716]
  0x0000024d7effbb70 ConcurrentGCThread "G1 Refine#0" [stack: 0x0000004db6000000,0x0000004db6100000] [id=10712]
  0x0000024d7effcc20 ConcurrentGCThread "G1 Service" [stack: 0x0000004db6100000,0x0000004db6200000] [id=18856]

Threads with active compile tasks:
C1 CompilerThread0     1016  179       3       sun.util.locale.BaseLocale$Key::hashCode (178 bytes)

VM state: not at safepoint (normal execution)

VM Mutex/Monitor currently owned by a thread:  ([mutex/lock_event])
[0x0000024d7ef6e180] Compile_lock - owner thread: 0x0000000000000000

Heap address: 0x00000000a0400000, size: 1532 MB, Compressed Oops mode: 32-bit

CDS archive(s) not mapped
Compressed class space mapped at: 0x0000000100000000-0x0000000140000000, reserved size: 1073741824
Narrow klass base: 0x0000000000000000, Narrow klass shift: 3, Narrow klass range: 0x140000000

GC Precious Log:
 CardTable entry size: 512
 Card Set container configuration: InlinePtr #cards 5 size 8 Array Of Cards #cards 12 size 40 Howl #buckets 4 coarsen threshold 1843 Howl Bitmap #cards 512 size 80 coarsen threshold 460 Card regions per heap region 1 cards per card region 2048
 CPUs: 2 total, 2 available
 Memory: 6120M
 Large Page Support: Disabled
 NUMA Support: Disabled
 Compressed Oops: Enabled (32-bit)
 Heap Region Size: 1M
 Heap Min Capacity: 8M
 Heap Initial Capacity: 96M
 Heap Max Capacity: 1532M
 Pre-touch: Disabled
 Parallel Workers: 2
 Concurrent Workers: 1
 Concurrent Refinement Workers: 2
 Periodic GC: Disabled

Heap:
 garbage-first heap   total 98304K, used 2048K [0x00000000a0400000, 0x0000000100000000)
  region size 1024K, 3 young (3072K), 0 survivors (0K)
 Metaspace       used 7185K, committed 7360K, reserved 1114112K
  class space    used 587K, committed 704K, reserved 1048576K

Heap Regions: E=young(eden), S=young(survivor), O=old, HS=humongous(starts), HC=humongous(continues), CS=collection set, F=free, OA=open archive, CA=closed archive, TAMS=top-at-mark-start (previous, next)
|   0|0x00000000a0400000, 0x00000000a0400000, 0x00000000a0500000|  0%| F|  |TAMS 0x00000000a0400000, 0x00000000a0400000| Untracked 
|   1|0x00000000a0500000, 0x00000000a0500000, 0x00000000a0600000|  0%| F|  |TAMS 0x00000000a0500000, 0x00000000a0500000| Untracked 
|   2|0x00000000a0600000, 0x00000000a0600000, 0x00000000a0700000|  0%| F|  |TAMS 0x00000000a0600000, 0x00000000a0600000| Untracked 
|   3|0x00000000a0700000, 0x00000000a0700000, 0x00000000a0800000|  0%| F|  |TAMS 0x00000000a0700000, 0x00000000a0700000| Untracked 
|   4|0x00000000a0800000, 0x00000000a0800000, 0x00000000a0900000|  0%| F|  |TAMS 0x00000000a0800000, 0x00000000a0800000| Untracked 
|   5|0x00000000a0900000, 0x00000000a0900000, 0x00000000a0a00000|  0%| F|  |TAMS 0x00000000a0900000, 0x00000000a0900000| Untracked 
|   6|0x00000000a0a00000, 0x00000000a0a00000, 0x00000000a0b00000|  0%| F|  |TAMS 0x00000000a0a00000, 0x00000000a0a00000| Untracked 
|   7|0x00000000a0b00000, 0x00000000a0b00000, 0x00000000a0c00000|  0%| F|  |TAMS 0x00000000a0b00000, 0x00000000a0b00000| Untracked 
|   8|0x00000000a0c00000, 0x00000000a0c00000, 0x00000000a0d00000|  0%| F|  |TAMS 0x00000000a0c00000, 0x00000000a0c00000| Untracked 
|   9|0x00000000a0d00000, 0x00000000a0d00000, 0x00000000a0e00000|  0%| F|  |TAMS 0x00000000a0d00000, 0x00000000a0d00000| Untracked 
|  10|0x00000000a0e00000, 0x00000000a0e00000, 0x00000000a0f00000|  0%| F|  |TAMS 0x00000000a0e00000, 0x00000000a0e00000| Untracked 
|  11|0x00000000a0f00000, 0x00000000a0f00000, 0x00000000a1000000|  0%| F|  |TAMS 0x00000000a0f00000, 0x00000000a0f00000| Untracked 
|  12|0x00000000a1000000, 0x00000000a1000000, 0x00000000a1100000|  0%| F|  |TAMS 0x00000000a1000000, 0x00000000a1000000| Untracked 
|  13|0x00000000a1100000, 0x00000000a1100000, 0x00000000a1200000|  0%| F|  |TAMS 0x00000000a1100000, 0x00000000a1100000| Untracked 
|  14|0x00000000a1200000, 0x00000000a1200000, 0x00000000a1300000|  0%| F|  |TAMS 0x00000000a1200000, 0x00000000a1200000| Untracked 
|  15|0x00000000a1300000, 0x00000000a1300000, 0x00000000a1400000|  0%| F|  |TAMS 0x00000000a1300000, 0x00000000a1300000| Untracked 
|  16|0x00000000a1400000, 0x00000000a1400000, 0x00000000a1500000|  0%| F|  |TAMS 0x00000000a1400000, 0x00000000a1400000| Untracked 
|  17|0x00000000a1500000, 0x00000000a1500000, 0x00000000a1600000|  0%| F|  |TAMS 0x00000000a1500000, 0x00000000a1500000| Untracked 
|  18|0x00000000a1600000, 0x00000000a1600000, 0x00000000a1700000|  0%| F|  |TAMS 0x00000000a1600000, 0x00000000a1600000| Untracked 
|  19|0x00000000a1700000, 0x00000000a1700000, 0x00000000a1800000|  0%| F|  |TAMS 0x00000000a1700000, 0x00000000a1700000| Untracked 
|  20|0x00000000a1800000, 0x00000000a1800000, 0x00000000a1900000|  0%| F|  |TAMS 0x00000000a1800000, 0x00000000a1800000| Untracked 
|  21|0x00000000a1900000, 0x00000000a1900000, 0x00000000a1a00000|  0%| F|  |TAMS 0x00000000a1900000, 0x00000000a1900000| Untracked 
|  22|0x00000000a1a00000, 0x00000000a1a00000, 0x00000000a1b00000|  0%| F|  |TAMS 0x00000000a1a00000, 0x00000000a1a00000| Untracked 
|  23|0x00000000a1b00000, 0x00000000a1b00000, 0x00000000a1c00000|  0%| F|  |TAMS 0x00000000a1b00000, 0x00000000a1b00000| Untracked 
|  24|0x00000000a1c00000, 0x00000000a1c00000, 0x00000000a1d00000|  0%| F|  |TAMS 0x00000000a1c00000, 0x00000000a1c00000| Untracked 
|  25|0x00000000a1d00000, 0x00000000a1d00000, 0x00000000a1e00000|  0%| F|  |TAMS 0x00000000a1d00000, 0x00000000a1d00000| Untracked 
|  26|0x00000000a1e00000, 0x00000000a1e00000, 0x00000000a1f00000|  0%| F|  |TAMS 0x00000000a1e00000, 0x00000000a1e00000| Untracked 
|  27|0x00000000a1f00000, 0x00000000a1f00000, 0x00000000a2000000|  0%| F|  |TAMS 0x00000000a1f00000, 0x00000000a1f00000| Untracked 
|  28|0x00000000a2000000, 0x00000000a2000000, 0x00000000a2100000|  0%| F|  |TAMS 0x00000000a2000000, 0x00000000a2000000| Untracked 
|  29|0x00000000a2100000, 0x00000000a2100000, 0x00000000a2200000|  0%| F|  |TAMS 0x00000000a2100000, 0x00000000a2100000| Untracked 
|  30|0x00000000a2200000, 0x00000000a2200000, 0x00000000a2300000|  0%| F|  |TAMS 0x00000000a2200000, 0x00000000a2200000| Untracked 
|  31|0x00000000a2300000, 0x00000000a2300000, 0x00000000a2400000|  0%| F|  |TAMS 0x00000000a2300000, 0x00000000a2300000| Untracked 
|  32|0x00000000a2400000, 0x00000000a2400000, 0x00000000a2500000|  0%| F|  |TAMS 0x00000000a2400000, 0x00000000a2400000| Untracked 
|  33|0x00000000a2500000, 0x00000000a2500000, 0x00000000a2600000|  0%| F|  |TAMS 0x00000000a2500000, 0x00000000a2500000| Untracked 
|  34|0x00000000a2600000, 0x00000000a2600000, 0x00000000a2700000|  0%| F|  |TAMS 0x00000000a2600000, 0x00000000a2600000| Untracked 
|  35|0x00000000a2700000, 0x00000000a2700000, 0x00000000a2800000|  0%| F|  |TAMS 0x00000000a2700000, 0x00000000a2700000| Untracked 
|  36|0x00000000a2800000, 0x00000000a2800000, 0x00000000a2900000|  0%| F|  |TAMS 0x00000000a2800000, 0x00000000a2800000| Untracked 
|  37|0x00000000a2900000, 0x00000000a2900000, 0x00000000a2a00000|  0%| F|  |TAMS 0x00000000a2900000, 0x00000000a2900000| Untracked 
|  38|0x00000000a2a00000, 0x00000000a2a00000, 0x00000000a2b00000|  0%| F|  |TAMS 0x00000000a2a00000, 0x00000000a2a00000| Untracked 
|  39|0x00000000a2b00000, 0x00000000a2b00000, 0x00000000a2c00000|  0%| F|  |TAMS 0x00000000a2b00000, 0x00000000a2b00000| Untracked 
|  40|0x00000000a2c00000, 0x00000000a2c00000, 0x00000000a2d00000|  0%| F|  |TAMS 0x00000000a2c00000, 0x00000000a2c00000| Untracked 
|  41|0x00000000a2d00000, 0x00000000a2d00000, 0x00000000a2e00000|  0%| F|  |TAMS 0x00000000a2d00000, 0x00000000a2d00000| Untracked 
|  42|0x00000000a2e00000, 0x00000000a2e00000, 0x00000000a2f00000|  0%| F|  |TAMS 0x00000000a2e00000, 0x00000000a2e00000| Untracked 
|  43|0x00000000a2f00000, 0x00000000a2f00000, 0x00000000a3000000|  0%| F|  |TAMS 0x00000000a2f00000, 0x00000000a2f00000| Untracked 
|  44|0x00000000a3000000, 0x00000000a3000000, 0x00000000a3100000|  0%| F|  |TAMS 0x00000000a3000000, 0x00000000a3000000| Untracked 
|  45|0x00000000a3100000, 0x00000000a3100000, 0x00000000a3200000|  0%| F|  |TAMS 0x00000000a3100000, 0x00000000a3100000| Untracked 
|  46|0x00000000a3200000, 0x00000000a3200000, 0x00000000a3300000|  0%| F|  |TAMS 0x00000000a3200000, 0x00000000a3200000| Untracked 
|  47|0x00000000a3300000, 0x00000000a3300000, 0x00000000a3400000|  0%| F|  |TAMS 0x00000000a3300000, 0x00000000a3300000| Untracked 
|  48|0x00000000a3400000, 0x00000000a3400000, 0x00000000a3500000|  0%| F|  |TAMS 0x00000000a3400000, 0x00000000a3400000| Untracked 
|  49|0x00000000a3500000, 0x00000000a3500000, 0x00000000a3600000|  0%| F|  |TAMS 0x00000000a3500000, 0x00000000a3500000| Untracked 
|  50|0x00000000a3600000, 0x00000000a3600000, 0x00000000a3700000|  0%| F|  |TAMS 0x00000000a3600000, 0x00000000a3600000| Untracked 
|  51|0x00000000a3700000, 0x00000000a3700000, 0x00000000a3800000|  0%| F|  |TAMS 0x00000000a3700000, 0x00000000a3700000| Untracked 
|  52|0x00000000a3800000, 0x00000000a3800000, 0x00000000a3900000|  0%| F|  |TAMS 0x00000000a3800000, 0x00000000a3800000| Untracked 
|  53|0x00000000a3900000, 0x00000000a3900000, 0x00000000a3a00000|  0%| F|  |TAMS 0x00000000a3900000, 0x00000000a3900000| Untracked 
|  54|0x00000000a3a00000, 0x00000000a3a00000, 0x00000000a3b00000|  0%| F|  |TAMS 0x00000000a3a00000, 0x00000000a3a00000| Untracked 
|  55|0x00000000a3b00000, 0x00000000a3b00000, 0x00000000a3c00000|  0%| F|  |TAMS 0x00000000a3b00000, 0x00000000a3b00000| Untracked 
|  56|0x00000000a3c00000, 0x00000000a3c00000, 0x00000000a3d00000|  0%| F|  |TAMS 0x00000000a3c00000, 0x00000000a3c00000| Untracked 
|  57|0x00000000a3d00000, 0x00000000a3d00000, 0x00000000a3e00000|  0%| F|  |TAMS 0x00000000a3d00000, 0x00000000a3d00000| Untracked 
|  58|0x00000000a3e00000, 0x00000000a3e00000, 0x00000000a3f00000|  0%| F|  |TAMS 0x00000000a3e00000, 0x00000000a3e00000| Untracked 
|  59|0x00000000a3f00000, 0x00000000a3f00000, 0x00000000a4000000|  0%| F|  |TAMS 0x00000000a3f00000, 0x00000000a3f00000| Untracked 
|  60|0x00000000a4000000, 0x00000000a4000000, 0x00000000a4100000|  0%| F|  |TAMS 0x00000000a4000000, 0x00000000a4000000| Untracked 
|  61|0x00000000a4100000, 0x00000000a4100000, 0x00000000a4200000|  0%| F|  |TAMS 0x00000000a4100000, 0x00000000a4100000| Untracked 
|  62|0x00000000a4200000, 0x00000000a4200000, 0x00000000a4300000|  0%| F|  |TAMS 0x00000000a4200000, 0x00000000a4200000| Untracked 
|  63|0x00000000a4300000, 0x00000000a4300000, 0x00000000a4400000|  0%| F|  |TAMS 0x00000000a4300000, 0x00000000a4300000| Untracked 
|  64|0x00000000a4400000, 0x00000000a4400000, 0x00000000a4500000|  0%| F|  |TAMS 0x00000000a4400000, 0x00000000a4400000| Untracked 
|  65|0x00000000a4500000, 0x00000000a4500000, 0x00000000a4600000|  0%| F|  |TAMS 0x00000000a4500000, 0x00000000a4500000| Untracked 
|  66|0x00000000a4600000, 0x00000000a4600000, 0x00000000a4700000|  0%| F|  |TAMS 0x00000000a4600000, 0x00000000a4600000| Untracked 
|  67|0x00000000a4700000, 0x00000000a4700000, 0x00000000a4800000|  0%| F|  |TAMS 0x00000000a4700000, 0x00000000a4700000| Untracked 
|  68|0x00000000a4800000, 0x00000000a4800000, 0x00000000a4900000|  0%| F|  |TAMS 0x00000000a4800000, 0x00000000a4800000| Untracked 
|  69|0x00000000a4900000, 0x00000000a4900000, 0x00000000a4a00000|  0%| F|  |TAMS 0x00000000a4900000, 0x00000000a4900000| Untracked 
|  70|0x00000000a4a00000, 0x00000000a4a00000, 0x00000000a4b00000|  0%| F|  |TAMS 0x00000000a4a00000, 0x00000000a4a00000| Untracked 
|  71|0x00000000a4b00000, 0x00000000a4b00000, 0x00000000a4c00000|  0%| F|  |TAMS 0x00000000a4b00000, 0x00000000a4b00000| Untracked 
|  72|0x00000000a4c00000, 0x00000000a4c00000, 0x00000000a4d00000|  0%| F|  |TAMS 0x00000000a4c00000, 0x00000000a4c00000| Untracked 
|  73|0x00000000a4d00000, 0x00000000a4d00000, 0x00000000a4e00000|  0%| F|  |TAMS 0x00000000a4d00000, 0x00000000a4d00000| Untracked 
|  74|0x00000000a4e00000, 0x00000000a4e00000, 0x00000000a4f00000|  0%| F|  |TAMS 0x00000000a4e00000, 0x00000000a4e00000| Untracked 
|  75|0x00000000a4f00000, 0x00000000a4f00000, 0x00000000a5000000|  0%| F|  |TAMS 0x00000000a4f00000, 0x00000000a4f00000| Untracked 
|  76|0x00000000a5000000, 0x00000000a5000000, 0x00000000a5100000|  0%| F|  |TAMS 0x00000000a5000000, 0x00000000a5000000| Untracked 
|  77|0x00000000a5100000, 0x00000000a5100000, 0x00000000a5200000|  0%| F|  |TAMS 0x00000000a5100000, 0x00000000a5100000| Untracked 
|  78|0x00000000a5200000, 0x00000000a5200000, 0x00000000a5300000|  0%| F|  |TAMS 0x00000000a5200000, 0x00000000a5200000| Untracked 
|  79|0x00000000a5300000, 0x00000000a5300000, 0x00000000a5400000|  0%| F|  |TAMS 0x00000000a5300000, 0x00000000a5300000| Untracked 
|  80|0x00000000a5400000, 0x00000000a5400000, 0x00000000a5500000|  0%| F|  |TAMS 0x00000000a5400000, 0x00000000a5400000| Untracked 
|  81|0x00000000a5500000, 0x00000000a5500000, 0x00000000a5600000|  0%| F|  |TAMS 0x00000000a5500000, 0x00000000a5500000| Untracked 
|  82|0x00000000a5600000, 0x00000000a5600000, 0x00000000a5700000|  0%| F|  |TAMS 0x00000000a5600000, 0x00000000a5600000| Untracked 
|  83|0x00000000a5700000, 0x00000000a5700000, 0x00000000a5800000|  0%| F|  |TAMS 0x00000000a5700000, 0x00000000a5700000| Untracked 
|  84|0x00000000a5800000, 0x00000000a5800000, 0x00000000a5900000|  0%| F|  |TAMS 0x00000000a5800000, 0x00000000a5800000| Untracked 
|  85|0x00000000a5900000, 0x00000000a5900000, 0x00000000a5a00000|  0%| F|  |TAMS 0x00000000a5900000, 0x00000000a5900000| Untracked 
|  86|0x00000000a5a00000, 0x00000000a5a00000, 0x00000000a5b00000|  0%| F|  |TAMS 0x00000000a5a00000, 0x00000000a5a00000| Untracked 
|  87|0x00000000a5b00000, 0x00000000a5b00000, 0x00000000a5c00000|  0%| F|  |TAMS 0x00000000a5b00000, 0x00000000a5b00000| Untracked 
|  88|0x00000000a5c00000, 0x00000000a5c00000, 0x00000000a5d00000|  0%| F|  |TAMS 0x00000000a5c00000, 0x00000000a5c00000| Untracked 
|  89|0x00000000a5d00000, 0x00000000a5d00000, 0x00000000a5e00000|  0%| F|  |TAMS 0x00000000a5d00000, 0x00000000a5d00000| Untracked 
|  90|0x00000000a5e00000, 0x00000000a5e00000, 0x00000000a5f00000|  0%| F|  |TAMS 0x00000000a5e00000, 0x00000000a5e00000| Untracked 
|  91|0x00000000a5f00000, 0x00000000a5f00000, 0x00000000a6000000|  0%| F|  |TAMS 0x00000000a5f00000, 0x00000000a5f00000| Untracked 
|  92|0x00000000a6000000, 0x00000000a6000000, 0x00000000a6100000|  0%| F|  |TAMS 0x00000000a6000000, 0x00000000a6000000| Untracked 
|  93|0x00000000a6100000, 0x00000000a617b8a0, 0x00000000a6200000| 48%| E|  |TAMS 0x00000000a6100000, 0x00000000a6100000| Complete 
|  94|0x00000000a6200000, 0x00000000a6300000, 0x00000000a6300000|100%| E|CS|TAMS 0x00000000a6200000, 0x00000000a6200000| Complete 
|  95|0x00000000a6300000, 0x00000000a6400000, 0x00000000a6400000|100%| E|CS|TAMS 0x00000000a6300000, 0x00000000a6300000| Complete 

Card table byte_map: [0x0000024d7f040000,0x0000024d7f340000] _byte_map_base: 0x0000024d7eb3e000

Marking Bits (Prev, Next): (CMBitMap*) 0x0000024d7efc34d0, (CMBitMap*) 0x0000024d7efc3510
 Prev Bits: [0x0000024d16870000, 0x0000024d18060000)
 Next Bits: [0x0000024d18060000, 0x0000024d19850000)

Polling page: 0x0000024d7ced0000

Metaspace:

Usage:
  Non-class:      6.46 MB used.
      Class:    593.08 KB used.
       Both:      7.04 MB used.

Virtual space:
  Non-class space:       64.00 MB reserved,       6.50 MB ( 10%) committed,  1 nodes.
      Class space:        1.00 GB reserved,     704.00 KB ( <1%) committed,  1 nodes.
             Both:        1.06 GB reserved,       7.19 MB ( <1%) committed. 

Chunk freelists:
   Non-Class:  1.00 MB
       Class:  3.25 MB
        Both:  4.25 MB

MaxMetaspaceSize: unlimited
CompressedClassSpaceSize: 1.00 GB
Initial GC threshold: 21.00 MB
Current GC threshold: 21.00 MB
CDS: off
MetaspaceReclaimPolicy: balanced
 - commit_granule_bytes: 65536.
 - commit_granule_words: 8192.
 - virtual_space_node_default_size: 8388608.
 - enlarge_chunks_in_place: 1.
 - new_chunks_are_fully_committed: 0.
 - uncommit_free_chunks: 1.
 - use_allocation_guard: 0.


Internal statistics:

num_allocs_failed_limit: 0.
num_arena_births: 10.
num_arena_deaths: 0.
num_vsnodes_births: 2.
num_vsnodes_deaths: 0.
num_space_committed: 115.
num_space_uncommitted: 0.
num_chunks_returned_to_freelist: 0.
num_chunks_taken_from_freelist: 26.
num_chunk_merges: 0.
num_chunk_splits: 8.
num_chunks_enlarged: 3.
num_inconsistent_stats: 0.

CodeHeap 'non-profiled nmethods': size=120064Kb used=52Kb max_used=52Kb free=120011Kb
 bounds [0x0000024d0f330000, 0x0000024d0f5a0000, 0x0000024d16870000]
CodeHeap 'profiled nmethods': size=120000Kb used=232Kb max_used=232Kb free=119767Kb
 bounds [0x0000024d07e00000, 0x0000024d08070000, 0x0000024d0f330000]
CodeHeap 'non-nmethods': size=5696Kb used=1111Kb max_used=1124Kb free=4584Kb
 bounds [0x0000024d07870000, 0x0000024d07ae0000, 0x0000024d07e00000]
 total_blobs=562 nmethods=183 adapters=293
 compilation: enabled
              stopped_count=0, restarted_count=0
 full_count=0

Compilation events (20 events):
Event: 0.646 Thread 0x0000024d1ba097b0 nmethod 164 0x0000024d0f33a310 code [0x0000024d0f33a480, 0x0000024d0f33a5b8]
Event: 0.646 Thread 0x0000024d1ba097b0  165       4       jdk.internal.misc.Unsafe::putReferenceRelease (9 bytes)
Event: 0.646 Thread 0x0000024d1ba0aeb0  166       3       java.util.HashMap$HashIterator::hasNext (13 bytes)
Event: 0.646 Thread 0x0000024d1ba0aeb0 nmethod 166 0x0000024d07e37410 code [0x0000024d07e375a0, 0x0000024d07e37718]
Event: 0.646 Thread 0x0000024d1ba0aeb0  167       3       java.util.HashMap$HashIterator::nextNode (100 bytes)
Event: 0.647 Thread 0x0000024d1ba0aeb0 nmethod 167 0x0000024d07e37790 code [0x0000024d07e37980, 0x0000024d07e37eb8]
Event: 0.647 Thread 0x0000024d1ba097b0 nmethod 165 0x0000024d0f33a610 code [0x0000024d0f33a780, 0x0000024d0f33a8b8]
Event: 0.647 Thread 0x0000024d1ba097b0  168       4       java.util.Collections::emptyList (4 bytes)
Event: 0.647 Thread 0x0000024d1ba097b0 nmethod 168 0x0000024d0f33a910 code [0x0000024d0f33aa80, 0x0000024d0f33aad8]
Event: 0.647 Thread 0x0000024d1ba0aeb0  169       3       java.lang.ref.Reference::<init> (7 bytes)
Event: 0.648 Thread 0x0000024d1ba0aeb0 nmethod 169 0x0000024d07e38090 code [0x0000024d07e38240, 0x0000024d07e384f8]
Event: 0.648 Thread 0x0000024d1ba0aeb0  170       3       java.lang.ref.SoftReference::<init> (13 bytes)
Event: 0.648 Thread 0x0000024d1ba0aeb0 nmethod 170 0x0000024d07e38610 code [0x0000024d07e387c0, 0x0000024d07e38ad8]
Event: 0.648 Thread 0x0000024d1ba0aeb0  171       3       java.util.Locale::<init> (15 bytes)
Event: 0.648 Thread 0x0000024d1ba0aeb0 nmethod 171 0x0000024d07e38c10 code [0x0000024d07e38dc0, 0x0000024d07e38fd8]
Event: 0.648 Thread 0x0000024d1ba0aeb0  173       3       sun.util.locale.BaseLocale::getInstance (150 bytes)
Event: 0.649 Thread 0x0000024d1ba097b0  181       4       java.lang.String::equals (56 bytes)
Event: 0.649 Thread 0x0000024d1ba0aeb0 nmethod 173 0x0000024d07e39090 code [0x0000024d07e39300, 0x0000024d07e39d68]
Event: 0.649 Thread 0x0000024d1ba0aeb0  179       3       sun.util.locale.BaseLocale$Key::hashCode (178 bytes)
Event: 0.650 Thread 0x0000024d1ba097b0 nmethod 181 0x0000024d0f33ac10 code [0x0000024d0f33ad80, 0x0000024d0f33af58]

GC Heap History (0 events):
No events

Deoptimization events (0 events):
No events

Classes loaded (20 events):
Event: 0.634 Loading class java/util/spi/TimeZoneNameProvider
Event: 0.634 Loading class java/util/spi/TimeZoneNameProvider done
Event: 0.634 Loading class sun/util/locale/provider/CalendarDataUtility$CalendarWeekParameterGetter
Event: 0.634 Loading class sun/util/locale/provider/LocaleServiceProviderPool$LocalizedObjectGetter
Event: 0.634 Loading class sun/util/locale/provider/LocaleServiceProviderPool$LocalizedObjectGetter done
Event: 0.634 Loading class sun/util/locale/provider/CalendarDataUtility$CalendarWeekParameterGetter done
Event: 0.634 Loading class java/util/ResourceBundle$Control
Event: 0.635 Loading class java/util/ResourceBundle$Control done
Event: 0.635 Loading class java/util/ResourceBundle
Event: 0.635 Loading class java/util/ResourceBundle done
Event: 0.635 Loading class java/util/ResourceBundle$Control$CandidateListCache
Event: 0.636 Loading class java/util/ResourceBundle$Control$CandidateListCache done
Event: 0.636 Loading class java/util/ResourceBundle$NoFallbackControl
Event: 0.636 Loading class java/util/ResourceBundle$SingleFormatControl
Event: 0.636 Loading class java/util/ResourceBundle$SingleFormatControl done
Event: 0.636 Loading class java/util/ResourceBundle$NoFallbackControl done
Event: 0.637 Loading class sun/util/cldr/CLDRCalendarDataProviderImpl
Event: 0.637 Loading class sun/util/locale/provider/CalendarDataProviderImpl
Event: 0.637 Loading class sun/util/locale/provider/CalendarDataProviderImpl done
Event: 0.637 Loading class sun/util/cldr/CLDRCalendarDataProviderImpl done

Classes unloaded (0 events):
No events

Classes redefined (0 events):
No events

Internal exceptions (0 events):
No events

VM Operations (0 events):
No events

Events (16 events):
Event: 0.012 Loaded shared library C:\Program Files\Java\jdk-18.0.2.1\bin\java.dll
Event: 0.329 Loaded shared library C:\Program Files\Java\jdk-18.0.2.1\bin\jsvml.dll
Event: 0.329 Thread 0x0000024d7ef717f0 Thread added: 0x0000024d7ef717f0
Event: 0.353 Thread 0x0000024d1b9c52a0 Thread added: 0x0000024d1b9c52a0
Event: 0.354 Thread 0x0000024d1b9c6830 Thread added: 0x0000024d1b9c6830
Event: 0.422 Thread 0x0000024d1b9ff690 Thread added: 0x0000024d1b9ff690
Event: 0.422 Thread 0x0000024d1ba00030 Thread added: 0x0000024d1ba00030
Event: 0.422 Thread 0x0000024d1ba01170 Thread added: 0x0000024d1ba01170
Event: 0.422 Thread 0x0000024d1ba023f0 Thread added: 0x0000024d1ba023f0
Event: 0.422 Thread 0x0000024d1ba097b0 Thread added: 0x0000024d1ba097b0
Event: 0.422 Thread 0x0000024d1ba0aeb0 Thread added: 0x0000024d1ba0aeb0
Event: 0.423 Thread 0x0000024d1ba2a8c0 Thread added: 0x0000024d1ba2a8c0
Event: 0.513 Thread 0x0000024d1fd51010 Thread added: 0x0000024d1fd51010
Event: 0.524 Thread 0x0000024d1fd51cf0 Thread added: 0x0000024d1fd51cf0
Event: 0.551 Loaded shared library C:\Program Files\Java\jdk-18.0.2.1\bin\zip.dll
Event: 0.618 Loaded shared library C:\Program Files\Java\jdk-18.0.2.1\bin\jimage.dll


Dynamic libraries:
0x00007ff745f50000 - 0x00007ff745f60000 	C:\Program Files\Java\jdk-18.0.2.1\bin\javaw.exe
0x00007ff8215d0000 - 0x00007ff8217c8000 	C:\WINDOWS\SYSTEM32\ntdll.dll
0x00007ff8210d0000 - 0x00007ff82118f000 	C:\WINDOWS\System32\KERNEL32.DLL
0x00007ff81f200000 - 0x00007ff81f4d2000 	C:\WINDOWS\System32\KERNELBASE.dll
0x00007ff81f4e0000 - 0x00007ff81f5e0000 	C:\WINDOWS\System32\ucrtbase.dll
0x00007ff814580000 - 0x00007ff814598000 	C:\Program Files\Java\jdk-18.0.2.1\bin\jli.dll
0x00007ff820b10000 - 0x00007ff820bbe000 	C:\WINDOWS\System32\ADVAPI32.dll
0x00007ff820d20000 - 0x00007ff820dbe000 	C:\WINDOWS\System32\msvcrt.dll
0x00007ff820c80000 - 0x00007ff820d1c000 	C:\WINDOWS\System32\sechost.dll
0x00007ff820e00000 - 0x00007ff820f25000 	C:\WINDOWS\System32\RPCRT4.dll
0x00007ff8213e0000 - 0x00007ff821581000 	C:\WINDOWS\System32\USER32.dll
0x00007ff81f5e0000 - 0x00007ff81f602000 	C:\WINDOWS\System32\win32u.dll
0x00007ff820410000 - 0x00007ff82043b000 	C:\WINDOWS\System32\GDI32.dll
0x00007ff81ed70000 - 0x00007ff81ee7f000 	C:\WINDOWS\System32\gdi32full.dll
0x00007ff81ef10000 - 0x00007ff81efad000 	C:\WINDOWS\System32\msvcp_win.dll
0x00007ff80a5f0000 - 0x00007ff80a60a000 	C:\Program Files\Java\jdk-18.0.2.1\bin\VCRUNTIME140.dll
0x00007ff8168c0000 - 0x00007ff816b5a000 	C:\WINDOWS\WinSxS\amd64_microsoft.windows.common-controls_6595b64144ccf1df_6.0.19041.1110_none_60b5254171f9507e\COMCTL32.dll
0x00007ff816dc0000 - 0x00007ff816dca000 	C:\WINDOWS\SYSTEM32\VERSION.dll
0x00007ff820dc0000 - 0x00007ff820df2000 	C:\WINDOWS\System32\IMM32.DLL
0x00007ff814570000 - 0x00007ff81457c000 	C:\Program Files\Java\jdk-18.0.2.1\bin\vcruntime140_1.dll
0x00007ff801390000 - 0x00007ff80141d000 	C:\Program Files\Java\jdk-18.0.2.1\bin\msvcp140.dll
0x00007fffee200000 - 0x00007fffeee11000 	C:\Program Files\Java\jdk-18.0.2.1\bin\server\jvm.dll
0x00007ff8212c0000 - 0x00007ff8212c8000 	C:\WINDOWS\System32\PSAPI.DLL
0x00007ff8152c0000 - 0x00007ff8152c9000 	C:\WINDOWS\SYSTEM32\WSOCK32.dll
0x00007ff821370000 - 0x00007ff8213db000 	C:\WINDOWS\System32\WS2_32.dll
0x00007ff815ea0000 - 0x00007ff815ec7000 	C:\WINDOWS\SYSTEM32\WINMM.dll
0x00007ff81cba0000 - 0x00007ff81cbb2000 	C:\WINDOWS\SYSTEM32\kernel.appcore.dll
0x00007ff814530000 - 0x00007ff81453a000 	C:\Program Files\Java\jdk-18.0.2.1\bin\jimage.dll
0x00007ff817b90000 - 0x00007ff817d74000 	C:\WINDOWS\SYSTEM32\DBGHELP.DLL
0x00007ff8173e0000 - 0x00007ff817415000 	C:\WINDOWS\SYSTEM32\dbgcore.DLL
0x00007ff81ee80000 - 0x00007ff81ef02000 	C:\WINDOWS\System32\bcryptPrimitives.dll
0x00007ff809f60000 - 0x00007ff809f85000 	C:\Program Files\Java\jdk-18.0.2.1\bin\java.dll
0x00007ffffcdf0000 - 0x00007ffffcec6000 	C:\Program Files\Java\jdk-18.0.2.1\bin\jsvml.dll
0x00007ff81fb60000 - 0x00007ff8202a4000 	C:\WINDOWS\System32\SHELL32.dll
0x00007ff81cda0000 - 0x00007ff81d532000 	C:\WINDOWS\SYSTEM32\windows.storage.dll
0x00007ff81f800000 - 0x00007ff81fb55000 	C:\WINDOWS\System32\combase.dll
0x00007ff81e640000 - 0x00007ff81e670000 	C:\WINDOWS\SYSTEM32\Wldp.dll
0x00007ff81f750000 - 0x00007ff81f7fd000 	C:\WINDOWS\System32\SHCORE.dll
0x00007ff8203b0000 - 0x00007ff820405000 	C:\WINDOWS\System32\shlwapi.dll
0x00007ff81ec00000 - 0x00007ff81ec1f000 	C:\WINDOWS\SYSTEM32\profapi.dll
0x00007ff80a290000 - 0x00007ff80a2a8000 	C:\Program Files\Java\jdk-18.0.2.1\bin\zip.dll

dbghelp: loaded successfully - version: 4.0.5 - missing functions: none
symbol engine: initialized successfully - sym options: 0x614 - pdb path: .;C:\Program Files\Java\jdk-18.0.2.1\bin;C:\WINDOWS\SYSTEM32;C:\WINDOWS\WinSxS\amd64_microsoft.windows.common-controls_6595b64144ccf1df_6.0.19041.1110_none_60b5254171f9507e;C:\Program Files\Java\jdk-18.0.2.1\bin\server

VM Arguments:
jvm_args: -Dfile.encoding=UTF-8 -XX:+ShowCodeDetailsInExceptionMessages 
java_command: view.TelaPrincipal
java_class_path (initial): C:\Users\marce\Desktop\Java01\Java01\bin
Launcher Type: SUN_STANDARD

[Global flags]
     intx CICompilerCount                          = 2                                         {product} {ergonomic}
     uint ConcGCThreads                            = 1                                         {product} {ergonomic}
     uint G1ConcRefinementThreads                  = 2                                         {product} {ergonomic}
   size_t G1HeapRegionSize                         = 1048576                                   {product} {ergonomic}
    uintx GCDrainStackTargetSize                   = 64                                        {product} {ergonomic}
   size_t InitialHeapSize                          = 100663296                                 {product} {ergonomic}
   size_t MarkStackSize                            = 4194304                                   {product} {ergonomic}
   size_t MaxHeapSize                              = 1606418432                                {product} {ergonomic}
   size_t MaxNewSize                               = 963641344                                 {product} {ergonomic}
   size_t MinHeapDeltaBytes                        = 1048576                                   {product} {ergonomic}
   size_t MinHeapSize                              = 8388608                                   {product} {ergonomic}
    uintx NonNMethodCodeHeapSize                   = 5826188                                {pd product} {ergonomic}
    uintx NonProfiledCodeHeapSize                  = 122916026                              {pd product} {ergonomic}
    uintx ProfiledCodeHeapSize                     = 122916026                              {pd product} {ergonomic}
    uintx ReservedCodeCacheSize                    = 251658240                              {pd product} {ergonomic}
     bool SegmentedCodeCache                       = true                                      {product} {ergonomic}
     bool ShowCodeDetailsInExceptionMessages       = true                                   {manageable} {command line}
   size_t SoftMaxHeapSize                          = 1606418432                             {manageable} {ergonomic}
     bool UseCompressedClassPointers               = true                           {product lp64_product} {ergonomic}
     bool UseCompressedOops                        = true                           {product lp64_product} {ergonomic}
     bool UseG1GC                                  = true                                      {product} {ergonomic}
     bool UseLargePagesIndividualAllocation        = false                                  {pd product} {ergonomic}

Logging:
Log output configuration:
 #0: stdout all=warning uptime,level,tags foldmultilines=false
 #1: stderr all=off uptime,level,tags foldmultilines=false

Environment Variables:
PATH=C:/Users/marce/.p2/pool/plugins/org.eclipse.justj.openjdk.hotspot.jre.full.win32.x86_64_17.0.4.v20221004-1257/jre/bin/server;C:/Users/marce/.p2/pool/plugins/org.eclipse.justj.openjdk.hotspot.jre.full.win32.x86_64_17.0.4.v20221004-1257/jre/bin;C:\Program Files\Common Files\Oracle\Java\javapath;C:\Program Files (x86)\NVIDIA Corporation\PhysX\Common;C:\Program Files (x86)\Common Files\Oracle\Java\javapath;C:\Program Files (x86)\Razer\ChromaBroadcast\bin;C:\Program Files\Razer\ChromaBroadcast\bin;C:\WINDOWS\system32;C:\WINDOWS;C:\WINDOWS\System32\Wbem;C:\WINDOWS\System32\WindowsPowerShell\v1.0\;C:\WINDOWS\System32\OpenSSH\;C:\WINDOWS\system32\config\systemprofile\AppData\Local\Microsoft\WindowsApps;C:\Program Files (x86)\CodeBlocks\MinGW\bin;C:\Program Files\Java\jdk-13.0.1\bin;C:\Users\marce\AppData\Local\bin\NASM;C:\Program Files\qemu;C:\Program Files (x86)\Microsoft Visual Studio\2017\Community\VC\Tools\MSVC\14.16.27023\bin\Hostx86\x86;C:\Users\marce\Desktop\CodeBlocks\nc111nt;C:\WINDOWS\system32;C:\WINDOWS;C:\WINDOWS\System32\Wbem;C:\WINDOWS\System32\WindowsPowerShell\v1.0\;C:\WINDOWS\System32\OpenSSH\;C:\ProgramData\ComposerSetup\bin;C:\Program Files\nodejs\;C:\Users\marce\AppData\Local\Programs\Python\Python39\Scripts\;C:\Users\marce\AppData\Local\Programs\Python\Python39\;C:\Users\marce\AppData\Local\Microsoft\WindowsApps;C:\Program Files\MariaDB 10.5\bin;C:\Program Files\MongoDB\Server\5.0\bin;C:\Users\marce\AppData\Local\Programs\Microsoft VS Code\bin;C:\Users\marce\AppData\Local\Programs\Python\Python39;C:\Users\marce\AppData\Local\Programs\Python\Python39\scripts;C:\Users\marce\Desktop\tools\sqlmap-master\;C:\Users\marce\Desktop\tools\smuggler-master\;C:\Users\marce\Desktop\tools\Oralyzer-master\;C:\Users\marce\Desktop\tools\XSStrike-master\;C:\Users\marce\Desktop\tools;C:\Users\marce\Desktop\tools\dnsrecon-master;C:\Users\marce\Desktop\tools\dirsearch-master;C:\Program Files (x86)\EasyPHP-Devserver-17\eds-binaries\php\php713vc14x86x211106132211;C:\Users\marce\AppData\Local\GitHubDesktop\bin;C:\Users\marce\AppData\Roaming\Composer\vendor\bin;C:\Users\marce\AppData\Roaming\npm;C:\Users\marce\Desktop;
USERNAME=marce
OS=Windows_NT
PROCESSOR_IDENTIFIER=Intel64 Family 6 Model 42 Stepping 7, GenuineIntel



---------------  S Y S T E M  ---------------

OS:
 Windows 10 , 64 bit Build 19041 (10.0.19041.2364)
OS uptime: 3 days 6:23 hours

CPU: total 2 (initial active 2) (2 cores per cpu, 1 threads per core) family 6 model 42 stepping 7 microcode 0x2f, cx8, cmov, fxsr, mmx, sse, sse2, sse3, ssse3, sse4.1, sse4.2, popcnt, tsc, tscinvbit, clmul, clflush

Memory: 4k page, system-wide physical 6120M (435M free)
TotalPageFile size 24552M (AvailPageFile size 4M)
current process WorkingSet (physical memory assigned to process): 33M, peak: 33M
current process commit charge ("private bytes"): 161M, peak: 161M

vm_info: Java HotSpot(TM) 64-Bit Server VM (18.0.2.1+1-1) for windows-amd64 JRE (18.0.2.1+1-1), built on Aug 16 2022 01:46:33 by "mach5one" with MS VC++ 16.8 / 16.9 (VS2019)

END.
